<?xml version="1.0" encoding="UTF-8"?>
<!-- Generated by org.testng.reporters.JUnitReportReporter -->
<testsuite hostname="DESKTOP-FLJMP0F" failures="0" tests="7" name="com.demo.testcases.StateFiling_MISC" time="1158.936" errors="0" timestamp="2021-01-28T11:35:54 IST" skipped="0">
  <testcase classname="com.demo.testcases.StateFiling_MISC" name="clickonLoginTest" time="208.305"/>
  <system-out/>
  <testcase classname="com.demo.testcases.StateFiling_MISC" name="navigate_1099MISCform" time="240.243"/>
  <system-out/>
  <testcase classname="com.demo.testcases.StateFiling_MISC" name="form_addpayer" time="456.714"/>
  <system-out/>
  <testcase classname="com.demo.testcases.StateFiling_MISC" name="form_addRecipient" time="173.057"/>
  <system-out/>
  <testcase classname="com.demo.testcases.StateFiling_MISC" name="singleBox" time="0.051"/>
  <system-out/>
  <testcase classname="com.demo.testcases.StateFiling_MISC" name="saveForm1099" time="80.341"/>
  <system-out/>
  <testcase classname="com.demo.testcases.StateFiling_MISC" name="validateVES_data" time="0.225"/>
  <system-out/>
</testsuite> <!-- com.demo.testcases.StateFiling_MISC -->
