<?xml version="1.0" encoding="UTF-8"?>
<!-- Generated by org.testng.reporters.JUnitReportReporter -->
<testsuite hostname="DESKTOP-FLJMP0F" failures="0" tests="2" name="com.demo.testcases.TC_Verify_DuplicatePayers_UpdatePayerTaxIDwithExistingPayerTaxIDTest_005" time="278.351" errors="0" timestamp="2021-01-08T12:51:35 IST" skipped="0">
  <testcase classname="com.demo.testcases.TC_Verify_DuplicatePayers_UpdatePayerTaxIDwithExistingPayerTaxIDTest_005" name="clickonLoginTest" time="11.336"/>
  <system-out/>
  <testcase classname="com.demo.testcases.TC_Verify_DuplicatePayers_UpdatePayerTaxIDwithExistingPayerTaxIDTest_005" name="duplicatecheckEditpayer" time="267.015"/>
  <system-out/>
</testsuite> <!-- com.demo.testcases.TC_Verify_DuplicatePayers_UpdatePayerTaxIDwithExistingPayerTaxIDTest_005 -->
