<?xml version="1.0" encoding="UTF-8"?>
<!-- Generated by org.testng.reporters.JUnitReportReporter -->
<testsuite hostname="DESKTOP-FLJMP0F" failures="0" tests="2" name="com.demo.testcases.TC_AddPayer_EIN_ForeignCountryTest_009" time="217.620" errors="0" timestamp="2021-01-08T12:51:35 IST" skipped="0">
  <testcase classname="com.demo.testcases.TC_AddPayer_EIN_ForeignCountryTest_009" name="clickonLoginTest" time="10.431"/>
  <system-out/>
  <testcase classname="com.demo.testcases.TC_AddPayer_EIN_ForeignCountryTest_009" name="AddpayerEINcountryNONUs" time="207.189"/>
  <system-out/>
</testsuite> <!-- com.demo.testcases.TC_AddPayer_EIN_ForeignCountryTest_009 -->
