<?xml version="1.0" encoding="UTF-8"?>
<!-- Generated by org.testng.reporters.JUnitReportReporter -->
<testsuite hostname="DESKTOP-FLJMP0F" failures="0" tests="16" name="com.demo.testcases.TC_MISC_GA_WH_Yes_03" time="1742.148" errors="1" timestamp="2021-03-21T20:37:41 IST" skipped="0">
  <testcase classname="com.demo.testcases.TC_MISC_GA_WH_Yes_03" name="afterSuite" time="0.005">
    <error message="Cannot invoke &quot;com.aventstack.extentreports.ExtentReports.flush()&quot; because &quot;com.demo.utility.ExtentManager.extent&quot; is null" type="java.lang.NullPointerException">
      <![CDATA[java.lang.NullPointerException: Cannot invoke "com.aventstack.extentreports.ExtentReports.flush()" because "com.demo.utility.ExtentManager.extent" is null
at com.demo.utility.ExtentManager.endReport(ExtentManager.java:37)
at com.demo.Base.base.afterSuite(base.java:199)
at java.base/jdk.internal.reflect.NativeMethodAccessorImpl.invoke0(Native Method)
at java.base/jdk.internal.reflect.NativeMethodAccessorImpl.invoke(NativeMethodAccessorImpl.java:64)
at java.base/jdk.internal.reflect.DelegatingMethodAccessorImpl.invoke(DelegatingMethodAccessorImpl.java:43)
at java.base/java.lang.reflect.Method.invoke(Method.java:564)
at org.testng.internal.MethodInvocationHelper.invokeMethod(MethodInvocationHelper.java:132)
at org.testng.internal.MethodInvocationHelper.invokeMethodConsideringTimeout(MethodInvocationHelper.java:61)
at org.testng.internal.ConfigInvoker.invokeConfigurationMethod(ConfigInvoker.java:366)
at org.testng.internal.ConfigInvoker.invokeConfigurations(ConfigInvoker.java:320)
at org.testng.SuiteRunner.privateRun(SuiteRunner.java:351)
at org.testng.SuiteRunner.run(SuiteRunner.java:286)
at org.testng.SuiteRunnerWorker.runSuite(SuiteRunnerWorker.java:53)
at org.testng.SuiteRunnerWorker.run(SuiteRunnerWorker.java:96)
at org.testng.TestNG.runSuitesSequentially(TestNG.java:1218)
at org.testng.TestNG.runSuitesLocally(TestNG.java:1140)
at org.testng.TestNG.runSuites(TestNG.java:1069)
at org.testng.TestNG.run(TestNG.java:1037)
at org.testng.remote.AbstractRemoteTestNG.run(AbstractRemoteTestNG.java:115)
at org.testng.remote.RemoteTestNG.initAndRun(RemoteTestNG.java:251)
at org.testng.remote.RemoteTestNG.main(RemoteTestNG.java:77)
]]>
    </error>
  </testcase> <!-- afterSuite -->
  <system-out/>
  <testcase classname="com.demo.testcases.TC_MISC_GA_WH_Yes_03" name="clickonLoginTest" time="182.694"/>
  <system-out/>
  <testcase classname="com.demo.testcases.TC_MISC_GA_WH_Yes_03" name="navigate_miscform" time="140.427"/>
  <system-out/>
  <testcase classname="com.demo.testcases.TC_MISC_GA_WH_Yes_03" name="form_addpayer" time="389.176"/>
  <system-out/>
  <testcase classname="com.demo.testcases.TC_MISC_GA_WH_Yes_03" name="add_Recpt_boxamt" time="203.747"/>
  <system-out/>
  <testcase classname="com.demo.testcases.TC_MISC_GA_WH_Yes_03" name="withHeld_amount_GA" time="129.004"/>
  <system-out/>
  <testcase classname="com.demo.testcases.TC_MISC_GA_WH_Yes_03" name="save_form" time="80.347"/>
  <system-out/>
  <testcase classname="com.demo.testcases.TC_MISC_GA_WH_Yes_03" name="VES_Page" time="77.023"/>
  <system-out/>
  <testcase classname="com.demo.testcases.TC_MISC_GA_WH_Yes_03" name="state_reconsillation_page" time="31.044"/>
  <system-out/>
  <testcase classname="com.demo.testcases.TC_MISC_GA_WH_Yes_03" name="form_details" time="32.314"/>
  <system-out/>
  <testcase classname="com.demo.testcases.TC_MISC_GA_WH_Yes_03" name="after_reconsillation_page" time="15.506"/>
  <system-out/>
  <testcase classname="com.demo.testcases.TC_MISC_GA_WH_Yes_03" name="payment_page" time="137.975"/>
  <system-out/>
  <testcase classname="com.demo.testcases.TC_MISC_GA_WH_Yes_03" name="manage_forms_SF_Reconcile" time="123.157"/>
  <system-out/>
  <testcase classname="com.demo.testcases.TC_MISC_GA_WH_Yes_03" name="statefiling_checkblockedstate" time="141.795"/>
  <system-out/>
  <testcase classname="com.demo.testcases.TC_MISC_GA_WH_Yes_03" name="managestate_forms_afterRelease" time="36.912"/>
  <system-out/>
  <testcase classname="com.demo.testcases.TC_MISC_GA_WH_Yes_03" name="manageReconsile_afterRelease" time="21.022"/>
  <system-out/>
</testsuite> <!-- com.demo.testcases.TC_MISC_GA_WH_Yes_03 -->
