<?xml version="1.0" encoding="UTF-8"?>
<!-- Generated by org.testng.reporters.JUnitReportReporter -->
<testsuite hostname="DESKTOP-FLJMP0F" failures="0" tests="2" name="com.demo.testcases.TC_AddRecipient_005" time="239.752" errors="0" timestamp="2021-01-06T17:36:09 IST" skipped="0">
  <testcase classname="com.demo.testcases.TC_AddRecipient_005" name="clickonLoginTest" time="74.487"/>
  <system-out/>
  <testcase classname="com.demo.testcases.TC_AddRecipient_005" name="addRecipientEin" time="165.265"/>
  <system-out/>
</testsuite> <!-- com.demo.testcases.TC_AddRecipient_005 -->
