<?xml version="1.0" encoding="UTF-8"?>
<!-- Generated by org.testng.reporters.JUnitReportReporter -->
<testsuite hostname="DESKTOP-FLJMP0F" failures="0" tests="2" name="com.demo.testcases.TC_AddRecipient_010" time="264.158" errors="0" timestamp="2021-01-07T18:00:20 IST" skipped="0">
  <testcase classname="com.demo.testcases.TC_AddRecipient_010" name="clickonLoginTest" time="71.903"/>
  <system-out/>
  <testcase classname="com.demo.testcases.TC_AddRecipient_010" name="AddrecipientEinNoTIN_nonUs" time="192.255"/>
  <system-out/>
</testsuite> <!-- com.demo.testcases.TC_AddRecipient_010 -->
