<?xml version="1.0" encoding="UTF-8"?>
<!-- Generated by org.testng.reporters.JUnitReportReporter -->
<testsuite skipped="0" hostname="DESKTOP-8L135OU" name="com.demo.testcases.screenshotsample" tests="1" failures="0" timestamp="2020-12-23T15:33:57 IST" time="56.940" errors="0">
  <testcase name="testGuru99TakeScreenShot" time="56.940" classname="com.demo.testcases.screenshotsample"/>
  <system-out/>
</testsuite> <!-- com.demo.testcases.screenshotsample -->
