<?xml version="1.0" encoding="UTF-8"?>
<!-- Generated by org.testng.reporters.JUnitReportReporter -->
<testsuite hostname="DESKTOP-FLJMP0F" failures="0" tests="5" name="com.demo.testcases.TC_MISC_AllBoxValuesTest_007" time="1811.366" errors="0" timestamp="2021-01-19T15:32:42 IST" skipped="0">
  <testcase classname="com.demo.testcases.TC_MISC_AllBoxValuesTest_007" name="clickonLoginTest" time="186.641"/>
  <system-out/>
  <testcase classname="com.demo.testcases.TC_MISC_AllBoxValuesTest_007" name="navigate_1099MISCform" time="240.294"/>
  <system-out/>
  <testcase classname="com.demo.testcases.TC_MISC_AllBoxValuesTest_007" name="form_addpayer" time="516.629"/>
  <system-out/>
  <testcase classname="com.demo.testcases.TC_MISC_AllBoxValuesTest_007" name="form_addRecipient" time="204.038"/>
  <system-out/>
  <testcase classname="com.demo.testcases.TC_MISC_AllBoxValuesTest_007" name="includeBox4_TestValue" time="663.764"/>
  <system-out/>
</testsuite> <!-- com.demo.testcases.TC_MISC_AllBoxValuesTest_007 -->
