<?xml version="1.0" encoding="UTF-8"?>
<!-- Generated by org.testng.reporters.JUnitReportReporter -->
<testsuite skipped="0" hostname="DESKTOP-8L135OU" name="Cucumber_groupid.Automation_artifact.AppTest" tests="1" failures="0" timestamp="02 Jan 2020 07:05:07 GMT" time="0.005" errors="0">
  <testcase name="testApp" time="0.005" classname="Cucumber_groupid.Automation_artifact.AppTest"/>
</testsuite> <!-- Cucumber_groupid.Automation_artifact.AppTest -->
