<?xml version="1.0" encoding="UTF-8"?>
<!-- Generated by org.testng.reporters.JUnitReportReporter -->
<testsuite skipped="5" hostname="DESKTOP-8L135OU" name="Fidentity_pages.Notification_Test" tests="6" failures="0" timestamp="02 Jan 2020 07:05:06 GMT" time="2.447" errors="0">
  <testcase name="dbconnection" time="2.447" classname="Fidentity_pages.Notification_Test"/>
  <testcase name="backlogitems" classname="Fidentity_pages.Notification_Test">
    <skipped/>
  </testcase> <!-- backlogitems -->
  <testcase name="Cancel_gatepass" classname="Fidentity_pages.Notification_Test">
    <skipped/>
  </testcase> <!-- Cancel_gatepass -->
  <testcase name="Resend_gatepass" classname="Fidentity_pages.Notification_Test">
    <skipped/>
  </testcase> <!-- Resend_gatepass -->
  <testcase name="gate_pass_notification" classname="Fidentity_pages.Notification_Test">
    <skipped/>
  </testcase> <!-- gate_pass_notification -->
  <testcase name="Add_participant" classname="Fidentity_pages.Notification_Test">
    <skipped/>
  </testcase> <!-- Add_participant -->
</testsuite> <!-- Fidentity_pages.Notification_Test -->
