<?xml version="1.0" encoding="UTF-8"?>
<!-- Generated by org.testng.reporters.JUnitReportReporter -->
<testsuite skipped="0" hostname="DESKTOP-8L135OU" name="CucumberOptions.TestRunner" tests="1" failures="0" timestamp="02 Jan 2020 07:05:06 GMT" time="70.216" errors="0">
  <testcase name="feature" time="70.216" classname="CucumberOptions.TestRunner"/>
</testsuite> <!-- CucumberOptions.TestRunner -->
