<?xml version="1.0" encoding="UTF-8"?>
<!-- Generated by org.testng.reporters.JUnitReportReporter -->
<testsuite skipped="0" hostname="DESKTOP-8L135OU" name="NewTest" tests="1" failures="0" timestamp="02 Jan 2020 07:05:06 GMT" time="0.000" errors="0">
  <testcase name="f" time="0.000" classname="NewTest"/>
</testsuite> <!-- NewTest -->
