<?xml version="1.0" encoding="UTF-8"?>
<!-- Generated by org.testng.reporters.JUnitReportReporter -->
<testsuite skipped="0" hostname="DESKTOP-8L135OU" name="Fidentity_pages.Create_gate_pass" tests="1" failures="0" timestamp="03 Oct 2019 07:09:18 GMT" time="9.950" errors="0">
  <testcase name="checkin_notification" time="9.950" classname="Fidentity_pages.Create_gate_pass"/>
</testsuite> <!-- Fidentity_pages.Create_gate_pass -->
