<?xml version="1.0" encoding="UTF-8"?>
<!-- Generated by org.testng.reporters.JUnitReportReporter -->
<testsuite skipped="0" hostname="DESKTOP-8L135OU" name="Fidentity_pages.DataBase_connection" tests="1" failures="0" timestamp="19 Nov 2019 05:38:52 GMT" time="2.490" errors="0">
  <testcase name="dbconnection" time="2.490" classname="Fidentity_pages.DataBase_connection"/>
</testsuite> <!-- Fidentity_pages.DataBase_connection -->
