<?xml version="1.0" encoding="UTF-8"?>
<!-- Generated by org.testng.reporters.JUnitReportReporter -->
<testsuite skipped="0" hostname="LAPTOP-0Q9B2C7H" name="com.demo.testcases.BeforeLoginTest" tests="3" failures="0" timestamp="2020-08-06T22:57:31 IST" time="43.194" errors="0">
  <testcase name="verifyouterTax1099Logo" time="14.114" classname="com.demo.testcases.BeforeLoginTest"/>
  <system-out/>
  <testcase name="verifyTitle" time="14.536" classname="com.demo.testcases.BeforeLoginTest"/>
  <system-out/>
  <testcase name="GetTitle" time="14.544" classname="com.demo.testcases.BeforeLoginTest"/>
  <system-out/>
</testsuite> <!-- com.demo.testcases.BeforeLoginTest -->
