<?xml version="1.0" encoding="UTF-8"?>
<!-- Generated by org.testng.reporters.JUnitReportReporter -->
<testsuite skipped="0" hostname="DESKTOP-8L135OU" name="Common.Fid_base" tests="1" failures="0" timestamp="04 Sep 2019 09:50:04 GMT" time="0.016" errors="0">
  <testcase name="signIn" time="0.016" classname="Common.Fid_base"/>
</testsuite> <!-- Common.Fid_base -->
