<?xml version="1.0" encoding="UTF-8"?>
<!-- Generated by org.testng.reporters.JUnitReportReporter -->
<testsuite hostname="DESKTOP-FLJMP0F" failures="0" tests="2" name="com.demo.testcases.verifyIRSreference" time="201.617" errors="0" timestamp="2021-02-05T19:02:48 IST" skipped="0">
  <testcase classname="com.demo.testcases.verifyIRSreference" name="clickonLoginTest" time="156.566"/>
  <system-out/>
  <testcase classname="com.demo.testcases.verifyIRSreference" name="navigate_history" time="45.051"/>
  <system-out/>
</testsuite> <!-- com.demo.testcases.verifyIRSreference -->
