<?xml version="1.0" encoding="UTF-8"?>
<!-- Generated by org.testng.reporters.JUnitReportReporter -->
<testsuite hostname="DESKTOP-FLJMP0F" failures="0" tests="2" name="com.demo.testcases.TC_AddRecipient_007" time="326.359" errors="0" timestamp="2021-01-07T12:44:21 IST" skipped="0">
  <testcase classname="com.demo.testcases.TC_AddRecipient_007" name="clickonLoginTest" time="71.781"/>
  <system-out/>
  <testcase classname="com.demo.testcases.TC_AddRecipient_007" name="addrecipientNonUsEIN" time="254.578"/>
  <system-out/>
</testsuite> <!-- com.demo.testcases.TC_AddRecipient_007 -->
