<?xml version="1.0" encoding="UTF-8"?>
<!-- Generated by org.testng.reporters.JUnitReportReporter -->
<testsuite skipped="0" hostname="DESKTOP-8L135OU" name="com.demo.testcases.Dashboardrecordcount" tests="1" failures="0" timestamp="2020-12-21T15:54:16 IST" time="59.914" errors="0">
  <testcase name="clickonLoginTest" time="59.914" classname="com.demo.testcases.Dashboardrecordcount"/>
  <system-out/>
</testsuite> <!-- com.demo.testcases.Dashboardrecordcount -->
