<?xml version="1.0" encoding="UTF-8"?>
<!-- Generated by org.testng.reporters.JUnitReportReporter -->
<testsuite hostname="DESKTOP-FLJMP0F" failures="0" tests="2" name="com.demo.testcases.TC_AddRecipient_009" time="253.460" errors="0" timestamp="2021-01-07T17:42:13 IST" skipped="0">
  <testcase classname="com.demo.testcases.TC_AddRecipient_009" name="clickonLoginTest" time="71.862"/>
  <system-out/>
  <testcase classname="com.demo.testcases.TC_AddRecipient_009" name="AddrecipientEinNoTINUs" time="181.598"/>
  <system-out/>
</testsuite> <!-- com.demo.testcases.TC_AddRecipient_009 -->
