<?xml version="1.0" encoding="UTF-8"?>
<!-- Generated by org.testng.reporters.JUnitReportReporter -->
<testsuite skipped="0" hostname="DESKTOP-8L135OU" name="com.demo.testcases.LoginTest" tests="1" failures="0" timestamp="2020-12-21T14:15:23 IST" time="60.959" errors="0">
  <testcase name="clickonLogin" time="60.959" classname="com.demo.testcases.LoginTest"/>
  <system-out/>
</testsuite> <!-- com.demo.testcases.LoginTest -->
