<?xml version="1.0" encoding="UTF-8"?>
<!-- Generated by org.testng.reporters.JUnitReportReporter -->
<testsuite hostname="DESKTOP-FLJMP0F" failures="0" tests="5" name="com.demo.testcases.TC_MISC_BoxesRedcolorValidation2Test_005" time="1156.956" errors="0" timestamp="2021-01-18T13:29:00 IST" skipped="0">
  <testcase classname="com.demo.testcases.TC_MISC_BoxesRedcolorValidation2Test_005" name="clickonLoginTest" time="206.462"/>
  <system-out/>
  <testcase classname="com.demo.testcases.TC_MISC_BoxesRedcolorValidation2Test_005" name="navigate_1099MISCform" time="240.293"/>
  <system-out/>
  <testcase classname="com.demo.testcases.TC_MISC_BoxesRedcolorValidation2Test_005" name="form_addpayer" time="486.691"/>
  <system-out/>
  <testcase classname="com.demo.testcases.TC_MISC_BoxesRedcolorValidation2Test_005" name="form_addRecipient" time="143.006"/>
  <system-out/>
  <testcase classname="com.demo.testcases.TC_MISC_BoxesRedcolorValidation2Test_005" name="notSelect_BoxValue" time="80.504"/>
  <system-out/>
</testsuite> <!-- com.demo.testcases.TC_MISC_BoxesRedcolorValidation2Test_005 -->
