<?xml version="1.0" encoding="UTF-8"?>
<!-- Generated by org.testng.reporters.JUnitReportReporter -->
<testsuite hostname="DESKTOP-FLJMP0F" failures="0" tests="7" name="com.demo.testcases.TC_MISC_WorkingFlow_001" time="1419.269" errors="0" timestamp="2021-02-03T10:08:08 IST" skipped="0">
  <testcase classname="com.demo.testcases.TC_MISC_WorkingFlow_001" name="clickonLoginTest" time="209.943"/>
  <system-out/>
  <testcase classname="com.demo.testcases.TC_MISC_WorkingFlow_001" name="navigate_1099MISCform" time="240.208"/>
  <system-out/>
  <testcase classname="com.demo.testcases.TC_MISC_WorkingFlow_001" name="form_addpayer" time="478.689"/>
  <system-out/>
  <testcase classname="com.demo.testcases.TC_MISC_WorkingFlow_001" name="form_addRecipient" time="172.507"/>
  <system-out/>
  <testcase classname="com.demo.testcases.TC_MISC_WorkingFlow_001" name="singleBox" time="0.052"/>
  <system-out/>
  <testcase classname="com.demo.testcases.TC_MISC_WorkingFlow_001" name="saveForm1099" time="80.388"/>
  <system-out/>
  <testcase classname="com.demo.testcases.TC_MISC_WorkingFlow_001" name="validateVES_data" time="237.482"/>
  <system-out/>
</testsuite> <!-- com.demo.testcases.TC_MISC_WorkingFlow_001 -->
