<?xml version="1.0" encoding="UTF-8"?>
<!-- Generated by org.testng.reporters.JUnitReportReporter -->
<testsuite hostname="DESKTOP-FLJMP0F" failures="0" tests="2" name="com.demo.testcases.TC_AddRecipient_001" time="183.656" errors="0" timestamp="2021-01-04T14:29:04 IST" skipped="0">
  <testcase classname="com.demo.testcases.TC_AddRecipient_001" name="clickonLoginTest" time="12.601"/>
  <system-out/>
  <testcase classname="com.demo.testcases.TC_AddRecipient_001" name="geturl_pagename" time="171.055"/>
  <system-out/>
</testsuite> <!-- com.demo.testcases.TC_AddRecipient_001 -->
