<?xml version="1.0" encoding="UTF-8"?>
<!-- Generated by org.testng.reporters.JUnitReportReporter -->
<testsuite hostname="DESKTOP-FLJMP0F" failures="0" tests="1" name="com.demo.testcases.testsample" time="9.316" errors="0" timestamp="2021-01-03T23:27:30 IST" skipped="0">
  <testcase classname="com.demo.testcases.testsample" name="random" time="9.316"/>
  <system-out/>
</testsuite> <!-- com.demo.testcases.testsample -->
