<?xml version="1.0" encoding="UTF-8"?>
<!-- Generated by org.testng.reporters.JUnitReportReporter -->
<testsuite hostname="DESKTOP-FLJMP0F" failures="0" tests="2" name="com.demo.testcases.TC_AddRecipient_012" time="294.766" errors="0" timestamp="2021-01-08T10:11:46 IST" skipped="0">
  <testcase classname="com.demo.testcases.TC_AddRecipient_012" name="clickonLoginTest" time="72.081"/>
  <system-out/>
  <testcase classname="com.demo.testcases.TC_AddRecipient_012" name="addRecipientnonUS_NoTIN_SSN" time="222.685"/>
  <system-out/>
</testsuite> <!-- com.demo.testcases.TC_AddRecipient_012 -->
