<?xml version="1.0" encoding="UTF-8"?>
<!-- Generated by org.testng.reporters.JUnitReportReporter -->
<testsuite hostname="DESKTOP-FLJMP0F" failures="0" tests="4" name="com.demo.testcases.TC_AddRecipient_Nodata_002" time="133.612" errors="0" timestamp="2021-01-04T16:19:36 IST" skipped="0">
  <testcase classname="com.demo.testcases.TC_AddRecipient_Nodata_002" name="clickonLogin" time="23.348"/>
  <system-out/>
  <testcase classname="com.demo.testcases.TC_AddRecipient_Nodata_002" name="payercount_newaccount" time="80.203"/>
  <system-out/>
  <testcase classname="com.demo.testcases.TC_AddRecipient_Nodata_002" name="payercount" time="30.051"/>
  <system-out/>
  <testcase classname="com.demo.testcases.TC_AddRecipient_Nodata_002" name="recipientCount" time="0.010"/>
  <system-out/>
</testsuite> <!-- com.demo.testcases.TC_AddRecipient_Nodata_002 -->
