<?xml version="1.0" encoding="UTF-8"?>
<!-- Generated by org.testng.reporters.JUnitReportReporter -->
<testsuite hostname="DESKTOP-FLJMP0F" failures="0" tests="5" name="com.demo.testcases.TC_MISC_AtleastOneBoxValueTest_006" time="1251.553" errors="0" timestamp="2021-01-18T17:57:48 IST" skipped="0">
  <testcase classname="com.demo.testcases.TC_MISC_AtleastOneBoxValueTest_006" name="clickonLoginTest" time="187.334"/>
  <system-out/>
  <testcase classname="com.demo.testcases.TC_MISC_AtleastOneBoxValueTest_006" name="navigate_1099MISCform" time="240.475"/>
  <system-out/>
  <testcase classname="com.demo.testcases.TC_MISC_AtleastOneBoxValueTest_006" name="form_addpayer" time="488.637"/>
  <system-out/>
  <testcase classname="com.demo.testcases.TC_MISC_AtleastOneBoxValueTest_006" name="form_addRecipient" time="204.288"/>
  <system-out/>
  <testcase classname="com.demo.testcases.TC_MISC_AtleastOneBoxValueTest_006" name="exclude_box4" time="130.819"/>
  <system-out/>
</testsuite> <!-- com.demo.testcases.TC_MISC_AtleastOneBoxValueTest_006 -->
