<?xml version="1.0" encoding="UTF-8"?>
<!-- Generated by org.testng.reporters.JUnitReportReporter -->
<testsuite hostname="DESKTOP-FLJMP0F" failures="0" tests="2" name="com.demo.testcases.testsample" time="472.029" errors="0" timestamp="2021-02-03T15:57:31 IST" skipped="0">
  <testcase classname="com.demo.testcases.testsample" name="clickonLoginTest" time="206.423"/>
  <system-out/>
  <testcase classname="com.demo.testcases.testsample" name="Navigate_payer" time="265.606"/>
  <system-out/>
</testsuite> <!-- com.demo.testcases.testsample -->
