<?xml version="1.0" encoding="UTF-8"?>
<!-- Generated by org.testng.reporters.JUnitReportReporter -->
<testsuite hostname="DESKTOP-FLJMP0F" failures="0" tests="2" name="com.demo.testcases.TC_MISC_BoxesRedcolorValidation1Test_004" time="526.780" errors="0" timestamp="2021-01-18T11:12:53 IST" skipped="0">
  <testcase classname="com.demo.testcases.TC_MISC_BoxesRedcolorValidation1Test_004" name="clickonLoginTest" time="206.425"/>
  <system-out/>
  <testcase classname="com.demo.testcases.TC_MISC_BoxesRedcolorValidation1Test_004" name="redcolouralert" time="320.355"/>
  <system-out/>
</testsuite> <!-- com.demo.testcases.TC_MISC_BoxesRedcolorValidation1Test_004 -->
