<?xml version="1.0" encoding="UTF-8"?>
<!-- Generated by org.testng.reporters.JUnitReportReporter -->
<testsuite hostname="DESKTOP-FLJMP0F" failures="0" tests="3" name="com.demo.testcases.TC_AddRecipient_existing_003" time="168.115" errors="0" timestamp="2021-01-05T14:19:23 IST" skipped="0">
  <testcase classname="com.demo.testcases.TC_AddRecipient_existing_003" name="clickonLoginTest" time="11.696"/>
  <system-out/>
  <testcase classname="com.demo.testcases.TC_AddRecipient_existing_003" name="payercount_existingaccount" time="120.132"/>
  <system-out/>
  <testcase classname="com.demo.testcases.TC_AddRecipient_existing_003" name="payerscountCompare" time="36.287"/>
  <system-out/>
</testsuite> <!-- com.demo.testcases.TC_AddRecipient_existing_003 -->
